#
# There is insufficient memory for the Java Runtime Environment to continue.
# Native memory allocation (malloc) failed to allocate 1341136 bytes for Chunk::new
# Possible reasons:
#   The system is out of physical RAM or swap space
#   In 32 bit mode, the process size limit was hit
# Possible solutions:
#   Reduce memory load on the system
#   Increase physical memory or swap space
#   Check if swap backing store is full
#   Use 64 bit Java on a 64 bit OS
#   Decrease Java heap size (-Xmx/-Xms)
#   Decrease number of Java threads
#   Decrease Java thread stack sizes (-Xss)
#   Set larger code cache with -XX:ReservedCodeCacheSize=
# This output file may be truncated or incomplete.
#
#  Out of Memory Error (allocation.cpp:390), pid=18348, tid=0x0000000000001a48
#
# JRE version: OpenJDK Runtime Environment (8.0_152-b02) (build 1.8.0_152-release-1024-b02)
# Java VM: OpenJDK 64-Bit Server VM (25.152-b02 mixed mode windows-amd64 compressed oops)
# Failed to write core dump. Minidumps are not enabled by default on client versions of Windows
#

---------------  T H R E A D  ---------------

Current thread (0x00000000199fb800):  JavaThread "C2 CompilerThread0" daemon [_thread_in_native, id=6728, stack(0x000000001a1e0000,0x000000001a2e0000)]

Stack: [0x000000001a1e0000,0x000000001a2e0000]
[error occurred during error reporting (printing stack bounds), id 0xc0000005]

Native frames: (J=compiled Java code, j=interpreted, Vv=VM code, C=native code)


Current CompileTask:
C2: 224943 18209       4       com.android.tools.r8.ir.regalloc.LinearScanRegisterAllocator::allocateSingleInterval (807 bytes)


---------------  P R O C E S S  ---------------

Java Threads: ( => current thread )
  0x000000001f8a6800 JavaThread "stdout" daemon [_thread_in_native, id=744, stack(0x000000003d130000,0x000000003d230000)]
  0x000000001ad21000 JavaThread "stderr" daemon [_thread_in_native, id=7212, stack(0x000000003d030000,0x000000003d130000)]
  0x000000001ad25800 JavaThread "stdout" daemon [_thread_in_native, id=13820, stack(0x000000003cf30000,0x000000003d030000)]
  0x000000001ad27000 JavaThread "stderr" daemon [_thread_in_native, id=16752, stack(0x000000003ce30000,0x000000003cf30000)]
  0x000000001da17000 JavaThread "stdout" daemon [_thread_in_native, id=8452, stack(0x000000003cd30000,0x000000003ce30000)]
  0x000000001da19000 JavaThread "stderr" daemon [_thread_in_native, id=18816, stack(0x000000003cc30000,0x000000003cd30000)]
  0x000000001da16000 JavaThread "stdout" daemon [_thread_in_native, id=7764, stack(0x000000003cb30000,0x000000003cc30000)]
  0x000000001f31b000 JavaThread "stderr" daemon [_thread_in_native, id=17348, stack(0x000000003ca30000,0x000000003cb30000)]
  0x000000001f31b800 JavaThread "stdout" daemon [_thread_in_native, id=6996, stack(0x000000003c930000,0x000000003ca30000)]
  0x000000001f31a000 JavaThread "stderr" daemon [_thread_in_native, id=4888, stack(0x000000003c830000,0x000000003c930000)]
  0x000000001f320000 JavaThread "stdout" daemon [_thread_in_native, id=12244, stack(0x000000003c730000,0x000000003c830000)]
  0x000000001f321000 JavaThread "stderr" daemon [_thread_in_native, id=17180, stack(0x000000003c630000,0x000000003c730000)]
  0x000000001f31f800 JavaThread "stdout" daemon [_thread_in_native, id=8820, stack(0x000000003c530000,0x000000003c630000)]
  0x000000001d54f800 JavaThread "stderr" daemon [_thread_in_native, id=11936, stack(0x000000003c430000,0x000000003c530000)]
  0x000000001d54e800 JavaThread "stdout" daemon [_thread_in_native, id=12340, stack(0x000000003c330000,0x000000003c430000)]
  0x000000001d547000 JavaThread "stderr" daemon [_thread_in_native, id=18888, stack(0x000000003c230000,0x000000003c330000)]
  0x000000001d54e000 JavaThread "queued-resource-processor_48" daemon [_thread_blocked, id=12284, stack(0x000000003c130000,0x000000003c230000)]
  0x000000001d54c800 JavaThread "queued-resource-processor_47" daemon [_thread_blocked, id=10168, stack(0x000000003c030000,0x000000003c130000)]
  0x000000001d54b800 JavaThread "queued-resource-processor_46" daemon [_thread_blocked, id=18428, stack(0x000000003bf30000,0x000000003c030000)]
  0x000000001d546800 JavaThread "queued-resource-processor_45" daemon [_thread_blocked, id=8668, stack(0x000000003be30000,0x000000003bf30000)]
  0x000000001d548000 JavaThread "queued-resource-processor_44" daemon [_thread_blocked, id=3748, stack(0x000000003bd30000,0x000000003be30000)]
  0x000000001d549800 JavaThread "queued-resource-processor_43" daemon [_thread_blocked, id=19292, stack(0x000000003bc30000,0x000000003bd30000)]
  0x000000001d54d000 JavaThread "queued-resource-processor_42" daemon [_thread_blocked, id=15644, stack(0x000000003bb30000,0x000000003bc30000)]
  0x000000001d540800 JavaThread "queued-resource-processor_41" daemon [_thread_blocked, id=19180, stack(0x000000003ba30000,0x000000003bb30000)]
  0x000000001da15800 JavaThread "ForkJoinPool.commonPool-worker-7" daemon [_thread_blocked, id=15240, stack(0x000000003ad30000,0x000000003ae30000)]
  0x000000001da14800 JavaThread "ForkJoinPool.commonPool-worker-6" daemon [_thread_blocked, id=10756, stack(0x000000003ac30000,0x000000003ad30000)]
  0x000000001da18800 JavaThread "ForkJoinPool.commonPool-worker-5" daemon [_thread_blocked, id=18312, stack(0x000000003ab30000,0x000000003ac30000)]
  0x000000001da14000 JavaThread "ForkJoinPool.commonPool-worker-4" daemon [_thread_blocked, id=15748, stack(0x000000003aa30000,0x000000003ab30000)]
  0x000000001da17800 JavaThread "ForkJoinPool.commonPool-worker-3" daemon [_thread_blocked, id=13168, stack(0x000000003a930000,0x000000003aa30000)]
  0x000000001da0e800 JavaThread "ForkJoinPool.commonPool-worker-2" daemon [_thread_blocked, id=17716, stack(0x000000003a830000,0x000000003a930000)]
  0x000000001da13000 JavaThread "ForkJoinPool.commonPool-worker-1" daemon [_thread_blocked, id=9232, stack(0x000000003a730000,0x000000003a830000)]
  0x000000001da10800 JavaThread "Cache worker for Java compile cache (C:\Users\erald\Desktop\ud851-Exercises-student\Lesson12-Visual-Polish\movieApp2\.gradle\4.4\javaCompile)" [_thread_blocked, id=16696, stack(0x000000003a630000,0x000000003a730000)]
  0x000000001da12800 JavaThread "Task worker for ':' Thread 7" [_thread_blocked, id=12544, stack(0x000000003a530000,0x000000003a630000)]
  0x000000001da0a800 JavaThread "Task worker for ':' Thread 6" [_thread_blocked, id=8364, stack(0x000000003a430000,0x000000003a530000)]
  0x000000001da0c000 JavaThread "Task worker for ':' Thread 5" [_thread_blocked, id=6812, stack(0x000000003a330000,0x000000003a430000)]
  0x000000001da11800 JavaThread "Task worker for ':' Thread 4" [_thread_blocked, id=11492, stack(0x000000003a230000,0x000000003a330000)]
  0x000000001da0a000 JavaThread "Task worker for ':' Thread 3" [_thread_blocked, id=18924, stack(0x000000003a130000,0x000000003a230000)]
  0x000000001da0f000 JavaThread "Task worker for ':' Thread 2" [_thread_blocked, id=11376, stack(0x000000003a030000,0x000000003a130000)]
  0x000000001da0d000 JavaThread "Task worker for ':'" [_thread_blocked, id=9000, stack(0x0000000039f30000,0x000000003a030000)]
  0x0000000020067000 JavaThread "Cache worker for Build Output Cleanup Cache (C:\Users\erald\Desktop\ud851-Exercises-student\Lesson12-Visual-Polish\movieApp2\.gradle\buildOutputCleanup)" [_thread_blocked, id=10944, stack(0x0000000039e30000,0x0000000039f30000)]
  0x0000000020066800 JavaThread "Cache worker for task history cache (C:\Users\erald\Desktop\ud851-Exercises-student\Lesson12-Visual-Polish\movieApp2\.gradle\4.4\taskHistory)" [_thread_blocked, id=17128, stack(0x0000000039d30000,0x0000000039e30000)]
  0x0000000020065800 JavaThread "Cache worker for file content cache (C:\Users\erald\Desktop\ud851-Exercises-student\Lesson12-Visual-Polish\movieApp2\.gradle\4.4\fileContent)" [_thread_blocked, id=1660, stack(0x0000000039c30000,0x0000000039d30000)]
  0x0000000020065000 JavaThread "build operations Thread 8" [_thread_blocked, id=11956, stack(0x0000000039b30000,0x0000000039c30000)]
  0x0000000020064000 JavaThread "build operations Thread 7" [_thread_blocked, id=18808, stack(0x0000000039a30000,0x0000000039b30000)]
  0x0000000020063800 JavaThread "build operations Thread 6" [_thread_blocked, id=18564, stack(0x0000000039930000,0x0000000039a30000)]
  0x000000002005b800 JavaThread "build operations Thread 5" [_thread_blocked, id=17420, stack(0x0000000039830000,0x0000000039930000)]
  0x0000000020062800 JavaThread "build operations Thread 4" [_thread_blocked, id=9932, stack(0x0000000039730000,0x0000000039830000)]
  0x0000000020062000 JavaThread "build operations Thread 3" [_thread_blocked, id=13660, stack(0x0000000039630000,0x0000000039730000)]
  0x000000002005a000 JavaThread "build operations Thread 2" [_thread_blocked, id=2876, stack(0x0000000039530000,0x0000000039630000)]
  0x0000000020061000 JavaThread "build operations" [_thread_blocked, id=1848, stack(0x0000000039430000,0x0000000039530000)]
  0x0000000020060800 JavaThread "Cache worker for Artifact transforms cache (C:\Users\erald\.gradle\caches\transforms-1)" [_thread_blocked, id=10936, stack(0x0000000039330000,0x0000000039430000)]
  0x000000002005f800 JavaThread "Cache worker for file hash cache (C:\Users\erald\Desktop\ud851-Exercises-student\Lesson12-Visual-Polish\movieApp2\.gradle\4.4\fileHashes)" [_thread_blocked, id=18992, stack(0x0000000039230000,0x0000000039330000)]
  0x0000000020058000 JavaThread "Stdin handler" [_thread_blocked, id=14904, stack(0x0000000039130000,0x0000000039230000)]
  0x000000002005f000 JavaThread "Asynchronous log dispatcher for DefaultDaemonConnection: socket connection from /127.0.0.1:54783 to /127.0.0.1:55504" [_thread_blocked, id=16236, stack(0x0000000039030000,0x0000000039130000)]
  0x000000002005b000 JavaThread "Daemon worker Thread 2" [_thread_blocked, id=13004, stack(0x0000000038f30000,0x0000000039030000)]
  0x0000000020059800 JavaThread "Cancel handler" [_thread_blocked, id=8892, stack(0x0000000038e30000,0x0000000038f30000)]
  0x0000000020058800 JavaThread "Handler for socket connection from /127.0.0.1:54783 to /127.0.0.1:55504" [_thread_in_native, id=8956, stack(0x0000000038d30000,0x0000000038e30000)]
  0x000000002005c800 JavaThread "Daemon Thread 2" [_thread_blocked, id=2244, stack(0x0000000038c30000,0x0000000038d30000)]
  0x000000001ad22800 JavaThread "Memory manager" [_thread_blocked, id=13056, stack(0x00000000247a0000,0x00000000248a0000)]
  0x000000001ad27800 JavaThread "pool-1-thread-1" [_thread_blocked, id=17984, stack(0x00000000244a0000,0x00000000245a0000)]
  0x000000001bd37000 JavaThread "File lock request listener" [_thread_in_native, id=14548, stack(0x000000001d440000,0x000000001d540000)]
  0x000000001bac5000 JavaThread "Cache worker for file hash cache (C:\Users\erald\.gradle\caches\4.4\fileHashes)" [_thread_blocked, id=9180, stack(0x000000001d340000,0x000000001d440000)]
  0x000000001b9af800 JavaThread "Daemon periodic checks" [_thread_blocked, id=9552, stack(0x000000001c740000,0x000000001c840000)]
  0x000000001b930800 JavaThread "Incoming local TCP Connector on port 54783" [_thread_in_native, id=7276, stack(0x000000001c4f0000,0x000000001c5f0000)]
  0x0000000019aa3000 JavaThread "Service Thread" daemon [_thread_blocked, id=12028, stack(0x000000001a5e0000,0x000000001a6e0000)]
  0x0000000019a0b000 JavaThread "C1 CompilerThread3" daemon [_thread_blocked, id=5012, stack(0x000000001a4e0000,0x000000001a5e0000)]
  0x0000000019a01800 JavaThread "C2 CompilerThread2" daemon [_thread_in_native, id=7644, stack(0x000000001a3e0000,0x000000001a4e0000)]
  0x00000000199fd800 JavaThread "C2 CompilerThread1" daemon [_thread_blocked, id=9196, stack(0x000000001a2e0000,0x000000001a3e0000)]
=>0x00000000199fb800 JavaThread "C2 CompilerThread0" daemon [_thread_in_native, id=6728, stack(0x000000001a1e0000,0x000000001a2e0000)]
  0x00000000199fa000 JavaThread "Attach Listener" daemon [_thread_blocked, id=13608, stack(0x000000001a0e0000,0x000000001a1e0000)]
  0x00000000199f7000 JavaThread "Signal Dispatcher" daemon [_thread_blocked, id=7092, stack(0x0000000019fe0000,0x000000001a0e0000)]
  0x00000000199f0800 JavaThread "Finalizer" daemon [_thread_blocked, id=6804, stack(0x0000000019dd0000,0x0000000019ed0000)]
  0x0000000002a6a000 JavaThread "Reference Handler" daemon [_thread_blocked, id=7096, stack(0x00000000198d0000,0x00000000199d0000)]
  0x0000000002973000 JavaThread "main" [_thread_blocked, id=18844, stack(0x0000000002810000,0x0000000002910000)]

Other Threads:
  0x0000000017ad5000 VMThread [stack: 0x00000000197d0000,0x00000000198d0000] [id=7112]
  0x0000000019aa4000 WatcherThread [stack: 0x000000001a6e0000,0x000000001a7e0000] [id=10384]

VM state:not at safepoint (normal execution)

VM Mutex/Monitor currently owned by a thread: None

Heap:
 PSYoungGen      total 376320K, used 206141K [0x00000000d5580000, 0x00000000f2700000, 0x0000000100000000)
  eden space 339968K, 60% used [0x00000000d5580000,0x00000000e1ecf778,0x00000000ea180000)
  from space 36352K, 0% used [0x00000000ea180000,0x00000000ea180000,0x00000000ec500000)
  to   space 42496K, 0% used [0x00000000efd80000,0x00000000efd80000,0x00000000f2700000)
 ParOldGen       total 229376K, used 85582K [0x0000000080000000, 0x000000008e000000, 0x00000000d5580000)
  object space 229376K, 37% used [0x0000000080000000,0x00000000853938b8,0x000000008e000000)
 Metaspace       used 97715K, capacity 101547K, committed 103128K, reserved 1138688K
  class space    used 12347K, capacity 13189K, committed 13568K, reserved 1048576K

Card table byte_map: [0x0000000011e30000,0x0000000012240000] byte_map_base: 0x0000000011a30000

Marking Bits: (ParMarkBitMap*) 0x00000000664c4970
 Begin Bits: [0x0000000012cf0000, 0x0000000014cf0000)
 End Bits:   [0x0000000014cf0000, 0x0000000016cf0000)

Polling page: 0x0000000002790000

CodeCache: size=245760Kb used=50257Kb max_used=50268Kb free=195502Kb
 bounds [0x0000000002a70000, 0x0000000005bd0000, 0x0000000011a70000]
 total_blobs=15682 nmethods=14803 adapters=790
 compilation: enabled

Compilation events (10 events):
Event: 224.595 Thread 0x00000000199fd800 18260       4       java.util.regex.Pattern$SliceNode::study (37 bytes)
Event: 224.595 Thread 0x00000000199fd800 nmethod 18260 0x0000000005b9d1d0 code [0x0000000005b9d320, 0x0000000005b9d3d8]
Event: 224.595 Thread 0x00000000199fd800 18319       4       com.android.tools.r8.code.Instruction::write16BitValue (8 bytes)
Event: 224.597 Thread 0x00000000199fd800 nmethod 18319 0x0000000005bbd450 code [0x0000000005bbd5a0, 0x0000000005bbd738]
Event: 224.597 Thread 0x0000000019a0b000 18334       1       com.android.build.gradle.internal.tasks.AndroidVariantTask::getVariantName (5 bytes)
Event: 224.597 Thread 0x0000000019a0b000 nmethod 18334 0x0000000005b9e990 code [0x0000000005b9eae0, 0x0000000005b9ebf0]
Event: 224.618 Thread 0x0000000019a0b000 18335       3       java.io.BufferedInputStream::<init> (32 bytes)
Event: 224.619 Thread 0x0000000019a0b000 nmethod 18335 0x0000000005bbccd0 code [0x0000000005bbce60, 0x0000000005bbd288]
Event: 224.653 Thread 0x0000000019a0b000 18336       3       java.io.BufferedInputStream::<init> (9 bytes)
Event: 224.654 Thread 0x0000000019a0b000 nmethod 18336 0x0000000005bbe650 code [0x0000000005bbe7e0, 0x0000000005bbec88]

GC Heap History (10 events):
Event: 68.290 GC heap before
{Heap before GC invocations=15 (full 3):
 PSYoungGen      total 302592K, used 300492K [0x00000000d5580000, 0x00000000eb080000, 0x0000000100000000)
  eden space 278016K, 100% used [0x00000000d5580000,0x00000000e6500000,0x00000000e6500000)
  from space 24576K, 91% used [0x00000000e6500000,0x00000000e7af32a0,0x00000000e7d00000)
  to   space 26624K, 0% used [0x00000000e9680000,0x00000000e9680000,0x00000000eb080000)
 ParOldGen       total 229376K, used 35333K [0x0000000080000000, 0x000000008e000000, 0x00000000d5580000)
  object space 229376K, 15% used [0x0000000080000000,0x00000000822817b8,0x000000008e000000)
 Metaspace       used 80941K, capacity 83767K, committed 84056K, reserved 1122304K
  class space    used 10353K, capacity 11049K, committed 11136K, reserved 1048576K
Event: 68.318 GC heap after
Heap after GC invocations=15 (full 3):
 PSYoungGen      total 321024K, used 26606K [0x00000000d5580000, 0x00000000ed100000, 0x0000000100000000)
  eden space 294400K, 0% used [0x00000000d5580000,0x00000000d5580000,0x00000000e7500000)
  from space 26624K, 99% used [0x00000000e9680000,0x00000000eb07b838,0x00000000eb080000)
  to   space 34304K, 0% used [0x00000000e7500000,0x00000000e7500000,0x00000000e9680000)
 ParOldGen       total 229376K, used 46662K [0x0000000080000000, 0x000000008e000000, 0x00000000d5580000)
  object space 229376K, 20% used [0x0000000080000000,0x0000000082d91998,0x000000008e000000)
 Metaspace       used 80941K, capacity 83767K, committed 84056K, reserved 1122304K
  class space    used 10353K, capacity 11049K, committed 11136K, reserved 1048576K
}
Event: 69.265 GC heap before
{Heap before GC invocations=16 (full 3):
 PSYoungGen      total 321024K, used 321006K [0x00000000d5580000, 0x00000000ed100000, 0x0000000100000000)
  eden space 294400K, 100% used [0x00000000d5580000,0x00000000e7500000,0x00000000e7500000)
  from space 26624K, 99% used [0x00000000e9680000,0x00000000eb07b838,0x00000000eb080000)
  to   space 34304K, 0% used [0x00000000e7500000,0x00000000e7500000,0x00000000e9680000)
 ParOldGen       total 229376K, used 46662K [0x0000000080000000, 0x000000008e000000, 0x00000000d5580000)
  object space 229376K, 20% used [0x0000000080000000,0x0000000082d91998,0x000000008e000000)
 Metaspace       used 81779K, capacity 84649K, committed 84952K, reserved 1122304K
  class space    used 10471K, capacity 11154K, committed 11264K, reserved 1048576K
Event: 69.291 GC heap after
Heap after GC invocations=16 (full 3):
 PSYoungGen      total 328704K, used 17647K [0x00000000d5580000, 0x00000000eeb00000, 0x0000000100000000)
  eden space 294400K, 0% used [0x00000000d5580000,0x00000000d5580000,0x00000000e7500000)
  from space 34304K, 51% used [0x00000000e7500000,0x00000000e863bfc8,0x00000000e9680000)
  to   space 32768K, 0% used [0x00000000ecb00000,0x00000000ecb00000,0x00000000eeb00000)
 ParOldGen       total 229376K, used 56938K [0x0000000080000000, 0x000000008e000000, 0x00000000d5580000)
  object space 229376K, 24% used [0x0000000080000000,0x000000008379aa28,0x000000008e000000)
 Metaspace       used 81779K, capacity 84649K, committed 84952K, reserved 1122304K
  class space    used 10471K, capacity 11154K, committed 11264K, reserved 1048576K
}
Event: 217.764 GC heap before
{Heap before GC invocations=17 (full 3):
 PSYoungGen      total 328704K, used 312047K [0x00000000d5580000, 0x00000000eeb00000, 0x0000000100000000)
  eden space 294400K, 100% used [0x00000000d5580000,0x00000000e7500000,0x00000000e7500000)
  from space 34304K, 51% used [0x00000000e7500000,0x00000000e863bfc8,0x00000000e9680000)
  to   space 32768K, 0% used [0x00000000ecb00000,0x00000000ecb00000,0x00000000eeb00000)
 ParOldGen       total 229376K, used 56938K [0x0000000080000000, 0x000000008e000000, 0x00000000d5580000)
  object space 229376K, 24% used [0x0000000080000000,0x000000008379aa28,0x000000008e000000)
 Metaspace       used 92165K, capacity 96679K, committed 96856K, reserved 1132544K
  class space    used 11893K, capacity 12867K, committed 12928K, reserved 1048576K
Event: 217.800 GC heap after
Heap after GC invocations=17 (full 3):
 PSYoungGen      total 370176K, used 29681K [0x00000000d5580000, 0x00000000ee880000, 0x0000000100000000)
  eden space 339968K, 0% used [0x00000000d5580000,0x00000000d5580000,0x00000000ea180000)
  from space 30208K, 98% used [0x00000000ecb00000,0x00000000ee7fc538,0x00000000ee880000)
  to   space 36352K, 0% used [0x00000000ea180000,0x00000000ea180000,0x00000000ec500000)
 ParOldGen       total 229376K, used 56946K [0x0000000080000000, 0x000000008e000000, 0x00000000d5580000)
  object space 229376K, 24% used [0x0000000080000000,0x000000008379ca28,0x000000008e000000)
 Metaspace       used 92165K, capacity 96679K, committed 96856K, reserved 1132544K
  class space    used 11893K, capacity 12867K, committed 12928K, reserved 1048576K
}
Event: 220.092 GC heap before
{Heap before GC invocations=18 (full 3):
 PSYoungGen      total 370176K, used 119429K [0x00000000d5580000, 0x00000000ee880000, 0x0000000100000000)
  eden space 339968K, 26% used [0x00000000d5580000,0x00000000dad25098,0x00000000ea180000)
  from space 30208K, 98% used [0x00000000ecb00000,0x00000000ee7fc538,0x00000000ee880000)
  to   space 36352K, 0% used [0x00000000ea180000,0x00000000ea180000,0x00000000ec500000)
 ParOldGen       total 229376K, used 56946K [0x0000000080000000, 0x000000008e000000, 0x00000000d5580000)
  object space 229376K, 24% used [0x0000000080000000,0x000000008379ca28,0x000000008e000000)
 Metaspace       used 93624K, capacity 98323K, committed 98380K, reserved 1134592K
  class space    used 12032K, capacity 13019K, committed 13056K, reserved 1048576K
Event: 220.116 GC heap after
Heap after GC invocations=18 (full 3):
 PSYoungGen      total 376320K, used 36326K [0x00000000d5580000, 0x00000000f2700000, 0x0000000100000000)
  eden space 339968K, 0% used [0x00000000d5580000,0x00000000d5580000,0x00000000ea180000)
  from space 36352K, 99% used [0x00000000ea180000,0x00000000ec4f9900,0x00000000ec500000)
  to   space 42496K, 0% used [0x00000000efd80000,0x00000000efd80000,0x00000000f2700000)
 ParOldGen       total 229376K, used 60144K [0x0000000080000000, 0x000000008e000000, 0x00000000d5580000)
  object space 229376K, 26% used [0x0000000080000000,0x0000000083abc218,0x000000008e000000)
 Metaspace       used 93624K, capacity 98323K, committed 98380K, reserved 1134592K
  class space    used 12032K, capacity 13019K, committed 13056K, reserved 1048576K
}
Event: 220.116 GC heap before
{Heap before GC invocations=19 (full 4):
 PSYoungGen      total 376320K, used 36326K [0x00000000d5580000, 0x00000000f2700000, 0x0000000100000000)
  eden space 339968K, 0% used [0x00000000d5580000,0x00000000d5580000,0x00000000ea180000)
  from space 36352K, 99% used [0x00000000ea180000,0x00000000ec4f9900,0x00000000ec500000)
  to   space 42496K, 0% used [0x00000000efd80000,0x00000000efd80000,0x00000000f2700000)
 ParOldGen       total 229376K, used 60144K [0x0000000080000000, 0x000000008e000000, 0x00000000d5580000)
  object space 229376K, 26% used [0x0000000080000000,0x0000000083abc218,0x000000008e000000)
 Metaspace       used 93624K, capacity 98323K, committed 98380K, reserved 1134592K
  class space    used 12032K, capacity 13019K, committed 13056K, reserved 1048576K
Event: 220.468 GC heap after
Heap after GC invocations=19 (full 4):
 PSYoungGen      total 376320K, used 0K [0x00000000d5580000, 0x00000000f2700000, 0x0000000100000000)
  eden space 339968K, 0% used [0x00000000d5580000,0x00000000d5580000,0x00000000ea180000)
  from space 36352K, 0% used [0x00000000ea180000,0x00000000ea180000,0x00000000ec500000)
  to   space 42496K, 0% used [0x00000000efd80000,0x00000000efd80000,0x00000000f2700000)
 ParOldGen       total 229376K, used 85582K [0x0000000080000000, 0x000000008e000000, 0x00000000d5580000)
  object space 229376K, 37% used [0x0000000080000000,0x00000000853938b8,0x000000008e000000)
 Metaspace       used 93047K, capacity 96843K, committed 98380K, reserved 1134592K
  class space    used 11828K, capacity 12665K, committed 13056K, reserved 1048576K
}

Deoptimization events (10 events):
Event: 223.963 Thread 0x000000001da0d000 Uncommon trap: reason=speculate_class_check action=maybe_recompile pc=0x0000000003af9530 method=java.lang.StringCoding.encode(Ljava/nio/charset/Charset;[CII)[B @ 91
Event: 223.963 Thread 0x000000001da0d000 Uncommon trap: reason=speculate_class_check action=maybe_recompile pc=0x0000000003af9530 method=java.lang.StringCoding.encode(Ljava/nio/charset/Charset;[CII)[B @ 91
Event: 224.008 Thread 0x000000001d546800 Uncommon trap: reason=unstable_if action=reinterpret pc=0x00000000054c7040 method=java.util.ArrayDeque.clear()V @ 12
Event: 224.008 Thread 0x000000001d546800 Uncommon trap: reason=unstable_if action=reinterpret pc=0x00000000054882ec method=com.android.tools.r8.ir.conversion.JarSourceCode.build(Lcom/android/tools/r8/org/objectweb/asm/tree/VarInsnNode;Lcom/android/tools/r8/ir/conversion/IRBuilder;)V @ 195
Event: 224.010 Thread 0x000000001d546800 Uncommon trap: reason=unstable_if action=reinterpret pc=0x00000000055a3ebc method=com.android.tools.r8.ir.regalloc.LinearScanRegisterAllocator.allocateSingleInterval(Lcom/android/tools/r8/ir/regalloc/LiveIntervals;Lcom/android/tools/r8/ir/regalloc/LinearS
Event: 224.050 Thread 0x000000001d540800 Uncommon trap: reason=unstable_if action=reinterpret pc=0x0000000002c7bfbc method=com.android.tools.r8.ir.conversion.JarSourceCode.canThrow(Lcom/android/tools/r8/org/objectweb/asm/tree/AbstractInsnNode;)Z @ 764
Event: 224.187 Thread 0x000000001d542000 Uncommon trap: reason=bimorphic action=maybe_recompile pc=0x0000000004b0ded8 method=com.android.tools.r8.ir.code.Value.getConstInstruction()Lcom/android/tools/r8/ir/code/ConstInstruction; @ 25
Event: 224.189 Thread 0x000000001d542000 Uncommon trap: reason=bimorphic action=maybe_recompile pc=0x0000000004b0ded8 method=com.android.tools.r8.ir.code.Value.getConstInstruction()Lcom/android/tools/r8/ir/code/ConstInstruction; @ 25
Event: 224.192 Thread 0x000000001d542000 Uncommon trap: reason=bimorphic action=maybe_recompile pc=0x0000000004b0ded8 method=com.android.tools.r8.ir.code.Value.getConstInstruction()Lcom/android/tools/r8/ir/code/ConstInstruction; @ 25
Event: 224.543 Thread 0x000000001d546800 Uncommon trap: reason=array_check action=maybe_recompile pc=0x0000000005586678 method=java.util.TimSort.mergeHi(IIII)V @ 101

Classes redefined (0 events):
No events

Internal exceptions (10 events):
Event: 224.000 Thread 0x000000001da17800 Exception <a 'sun/nio/fs/WindowsException'> (0x00000000df2c5be0) thrown at [D:\src\AOSP-openjdk-cygwin\jdk8u\hotspot\src\share\vm\prims\jni.cpp, line 709]
Event: 224.001 Thread 0x000000001da14000 Exception <a 'sun/nio/fs/WindowsException'> (0x00000000df311178) thrown at [D:\src\AOSP-openjdk-cygwin\jdk8u\hotspot\src\share\vm\prims\jni.cpp, line 709]
Event: 224.002 Thread 0x000000001da13000 Exception <a 'sun/nio/fs/WindowsException'> (0x00000000df35e3e0) thrown at [D:\src\AOSP-openjdk-cygwin\jdk8u\hotspot\src\share\vm\prims\jni.cpp, line 709]
Event: 224.003 Thread 0x000000001da18800 Exception <a 'sun/nio/fs/WindowsException'> (0x00000000de20bda0) thrown at [D:\src\AOSP-openjdk-cygwin\jdk8u\hotspot\src\share\vm\prims\jni.cpp, line 709]
Event: 224.022 Thread 0x000000001d546800 Exception <a 'sun/nio/fs/WindowsException'> (0x00000000df76dc20) thrown at [D:\src\AOSP-openjdk-cygwin\jdk8u\hotspot\src\share\vm\prims\jni.cpp, line 709]
Event: 224.054 Thread 0x000000001d540800 Exception <a 'sun/nio/fs/WindowsException'> (0x00000000dfc2f198) thrown at [D:\src\AOSP-openjdk-cygwin\jdk8u\hotspot\src\share\vm\prims\jni.cpp, line 709]
Event: 224.068 Thread 0x000000001d546800 Exception <a 'sun/nio/fs/WindowsException'> (0x00000000dfc731d8) thrown at [D:\src\AOSP-openjdk-cygwin\jdk8u\hotspot\src\share\vm\prims\jni.cpp, line 709]
Event: 224.199 Thread 0x000000001d542000 Exception <a 'sun/nio/fs/WindowsException'> (0x00000000e08e6438) thrown at [D:\src\AOSP-openjdk-cygwin\jdk8u\hotspot\src\share\vm\prims\jni.cpp, line 709]
Event: 224.511 Thread 0x000000001da17800 Exception <a 'sun/nio/fs/WindowsException'> (0x00000000e0fd9730) thrown at [D:\src\AOSP-openjdk-cygwin\jdk8u\hotspot\src\share\vm\prims\jni.cpp, line 709]
Event: 224.548 Thread 0x000000001d546800 Exception <a 'sun/nio/fs/WindowsException'> (0x00000000e169a8e0) thrown at [D:\src\AOSP-openjdk-cygwin\jdk8u\hotspot\src\share\vm\prims\jni.cpp, line 709]

Events (10 events):
Event: 224.675 Thread 0x000000001f31a000 Thread added: 0x000000001f31a000
Event: 224.675 Thread 0x000000001f31b800 Thread added: 0x000000001f31b800
Event: 224.696 Thread 0x000000001f31b000 Thread added: 0x000000001f31b000
Event: 224.696 Thread 0x000000001da16000 Thread added: 0x000000001da16000
Event: 224.717 Thread 0x000000001da19000 Thread added: 0x000000001da19000
Event: 224.717 Thread 0x000000001da17000 Thread added: 0x000000001da17000
Event: 224.737 Thread 0x000000001ad27000 Thread added: 0x000000001ad27000
Event: 224.737 Thread 0x000000001ad25800 Thread added: 0x000000001ad25800
Event: 224.769 Thread 0x000000001ad21000 Thread added: 0x000000001ad21000
Event: 224.769 Thread 0x000000001f8a6800 Thread added: 0x000000001f8a6800


Dynamic libraries:
0x00007ff7e3bd0000 - 0x00007ff7e3c01000 	C:\Program Files\Android\Android Studio\jre\bin\java.exe
0x00007ffa60620000 - 0x00007ffa60801000 	C:\WINDOWS\SYSTEM32\ntdll.dll
0x00007ffa5dae0000 - 0x00007ffa5db92000 	C:\WINDOWS\System32\KERNEL32.DLL
0x00007ffa5d4b0000 - 0x00007ffa5d723000 	C:\WINDOWS\System32\KERNELBASE.dll
0x00007ffa5fbd0000 - 0x00007ffa5fc71000 	C:\WINDOWS\System32\ADVAPI32.dll
0x00007ffa60520000 - 0x00007ffa605be000 	C:\WINDOWS\System32\msvcrt.dll
0x00007ffa5f6b0000 - 0x00007ffa5f70b000 	C:\WINDOWS\System32\sechost.dll
0x00007ffa5e140000 - 0x00007ffa5e264000 	C:\WINDOWS\System32\RPCRT4.dll
0x00007ffa5fde0000 - 0x00007ffa5ff70000 	C:\WINDOWS\System32\USER32.dll
0x00007ffa5c9c0000 - 0x00007ffa5c9e0000 	C:\WINDOWS\System32\win32u.dll
0x00007ffa5e100000 - 0x00007ffa5e128000 	C:\WINDOWS\System32\GDI32.dll
0x00007ffa5d730000 - 0x00007ffa5d8c2000 	C:\WINDOWS\System32\gdi32full.dll
0x00007ffa5cab0000 - 0x00007ffa5cb4f000 	C:\WINDOWS\System32\msvcp_win.dll
0x00007ffa5d980000 - 0x00007ffa5da7a000 	C:\WINDOWS\System32\ucrtbase.dll
0x00007ffa523a0000 - 0x00007ffa52609000 	C:\WINDOWS\WinSxS\amd64_microsoft.windows.common-controls_6595b64144ccf1df_6.0.17134.228_none_fb4599993062b194\COMCTL32.dll
0x00007ffa5f710000 - 0x00007ffa5fa33000 	C:\WINDOWS\System32\combase.dll
0x00007ffa5ca30000 - 0x00007ffa5caaa000 	C:\WINDOWS\System32\bcryptPrimitives.dll
0x00007ffa60460000 - 0x00007ffa6048d000 	C:\WINDOWS\System32\IMM32.DLL
0x0000000065c20000 - 0x0000000065cf2000 	C:\Program Files\Android\Android Studio\jre\jre\bin\msvcr100.dll
0x0000000065d00000 - 0x000000006653f000 	C:\Program Files\Android\Android Studio\jre\jre\bin\server\jvm.dll
0x00007ffa5fa40000 - 0x00007ffa5fa48000 	C:\WINDOWS\System32\PSAPI.DLL
0x00007ffa56c00000 - 0x00007ffa56c0a000 	C:\WINDOWS\SYSTEM32\VERSION.dll
0x00007ffa5b4f0000 - 0x00007ffa5b4f9000 	C:\WINDOWS\SYSTEM32\WSOCK32.dll
0x00007ffa5ff70000 - 0x00007ffa5ffdc000 	C:\WINDOWS\System32\WS2_32.dll
0x00007ffa499c0000 - 0x00007ffa499e3000 	C:\WINDOWS\SYSTEM32\WINMM.dll
0x00007ffa498f0000 - 0x00007ffa4991a000 	C:\WINDOWS\SYSTEM32\winmmbase.dll
0x00007ffa5c9e0000 - 0x00007ffa5ca29000 	C:\WINDOWS\System32\cfgmgr32.dll
0x00007ffa57a00000 - 0x00007ffa57a0f000 	C:\Program Files\Android\Android Studio\jre\jre\bin\verify.dll
0x00007ffa44eb0000 - 0x00007ffa44ed9000 	C:\Program Files\Android\Android Studio\jre\jre\bin\java.dll
0x00007ffa579e0000 - 0x00007ffa579f6000 	C:\Program Files\Android\Android Studio\jre\jre\bin\zip.dll
0x00007ffa5e270000 - 0x00007ffa5f6b0000 	C:\WINDOWS\System32\SHELL32.dll
0x00007ffa5dba0000 - 0x00007ffa5dc49000 	C:\WINDOWS\System32\shcore.dll
0x00007ffa5cb50000 - 0x00007ffa5d25d000 	C:\WINDOWS\System32\windows.storage.dll
0x00007ffa60490000 - 0x00007ffa604e1000 	C:\WINDOWS\System32\shlwapi.dll
0x00007ffa5c9a0000 - 0x00007ffa5c9b1000 	C:\WINDOWS\System32\kernel.appcore.dll
0x00007ffa5c980000 - 0x00007ffa5c99f000 	C:\WINDOWS\System32\profapi.dll
0x00007ffa5c910000 - 0x00007ffa5c95c000 	C:\WINDOWS\System32\powrprof.dll
0x00007ffa5c900000 - 0x00007ffa5c90a000 	C:\WINDOWS\System32\FLTLIB.DLL
0x00007ffa44e90000 - 0x00007ffa44eaa000 	C:\Program Files\Android\Android Studio\jre\jre\bin\net.dll
0x00007ffa5c180000 - 0x00007ffa5c1e6000 	C:\WINDOWS\system32\mswsock.dll
0x00007ffa44e70000 - 0x00007ffa44e81000 	C:\Program Files\Android\Android Studio\jre\jre\bin\nio.dll
0x00007ffa44c30000 - 0x00007ffa44c4e000 	C:\Users\erald\.gradle\native\25\windows-amd64\native-platform.dll
0x00007ffa44e60000 - 0x00007ffa44e6d000 	C:\Program Files\Android\Android Studio\jre\jre\bin\management.dll
0x00007ffa5c330000 - 0x00007ffa5c347000 	C:\WINDOWS\SYSTEM32\CRYPTSP.dll
0x00007ffa5bd60000 - 0x00007ffa5bd93000 	C:\WINDOWS\system32\rsaenh.dll
0x00007ffa5c460000 - 0x00007ffa5c485000 	C:\WINDOWS\SYSTEM32\bcrypt.dll
0x00007ffa5c800000 - 0x00007ffa5c828000 	C:\WINDOWS\SYSTEM32\USERENV.dll
0x00007ffa5c350000 - 0x00007ffa5c35b000 	C:\WINDOWS\SYSTEM32\CRYPTBASE.dll
0x00007ffa5bf00000 - 0x00007ffa5bf38000 	C:\WINDOWS\SYSTEM32\IPHLPAPI.DLL
0x00007ffa604f0000 - 0x00007ffa604f8000 	C:\WINDOWS\System32\NSI.dll
0x00007ffa56120000 - 0x00007ffa56136000 	C:\WINDOWS\SYSTEM32\dhcpcsvc6.DLL
0x00007ffa56100000 - 0x00007ffa5611a000 	C:\WINDOWS\SYSTEM32\dhcpcsvc.DLL
0x00007ffa4ee40000 - 0x00007ffa4ee56000 	C:\WINDOWS\system32\napinsp.dll
0x00007ffa4e990000 - 0x00007ffa4e9aa000 	C:\WINDOWS\system32\pnrpnsp.dll
0x00007ffa595d0000 - 0x00007ffa595e9000 	C:\WINDOWS\system32\NLAapi.dll
0x00007ffa5bf40000 - 0x00007ffa5bffe000 	C:\WINDOWS\SYSTEM32\DNSAPI.dll
0x00007ffa4e810000 - 0x00007ffa4e81e000 	C:\WINDOWS\System32\winrnr.dll
0x00007ffa550d0000 - 0x00007ffa550e5000 	C:\WINDOWS\System32\wshbth.dll
0x00007ffa53ff0000 - 0x00007ffa53ffa000 	C:\Windows\System32\rasadhlp.dll
0x00007ffa54000000 - 0x00007ffa54072000 	C:\WINDOWS\System32\fwpuclnt.dll
0x000000006adc0000 - 0x000000006aeb2000 	C:\Users\erald\AppData\Local\Temp\room-47c06984-ca90-4716-8459-75df5c096211\sqlite-3.20.1-5e038f0b-8d0a-48b8-8b42-a26d47c3925d-sqlitejdbc.dll

VM Arguments:
jvm_args: -XX:MaxPermSize=512m -XX:+HeapDumpOnOutOfMemoryError -Xmx2048m -Dfile.encoding=UTF-8 -Duser.country=BR -Duser.language=pt -Duser.variant 
java_command: org.gradle.launcher.daemon.bootstrap.GradleDaemon 4.4
java_class_path (initial): C:\Users\erald\.gradle\wrapper\dists\gradle-4.4-all\9br9xq1tocpiv8o6njlyu5op1\gradle-4.4\lib\gradle-launcher-4.4.jar
Launcher Type: SUN_STANDARD

Environment Variables:
JAVA_HOME=C:\Program Files\Java\jdk1.8.0_121
CLASSPATH=;C:\Program Files\Java\jdk1.8.0_121\lib;C:\Program Files\Java\jdk1.8.0_121\lib\tools.jar;C:\Program Files\Java\jdk1.8.0_121\lib\dt.jar;C:\Program Files\Java\jdk1.8.0_121\lib\htmlconverter.jar;C:\Program Files\Java\jdk1.8.0_121\jre\lib;C:\Program Files\Java\jdk1.8.0_121\jre\lib\rt.jar;
PATH=C:\ProgramData\Oracle\Java\javapath;C:\Program Files\Java\jdk1.8.0_121\bin;C:\Windows\system32;C:\Windows;C:\Windows\System32\Wbem;C:\Windows\System32\WindowsPowerShell\v1.0\;C:\Program Files (x86)\NVIDIA Corporation\PhysX\Common;C:\apache-maven-3.5.2\bin;C:\Program Files\MySQL\MySQL Utilities 1.6\;C:\WINDOWS\system32;C:\WINDOWS;C:\WINDOWS\System32\Wbem;C:\WINDOWS\System32\WindowsPowerShell\v1.0\;C:\Users\erald\AppData\Roaming\Python\Python36\Scripts;C:\Program Files\nodejs\;C:\WINDOWS\System32\OpenSSH\;C:\Program Files\PuTTY\;C:\Program Files\Git\cmd;C:\Users\erald\AppData\Local\Programs\Python\Python36\Scripts\;C:\Users\erald\AppData\Local\Programs\Python\Python36\;C:\Users\erald\AppData\Local\Microsoft\WindowsApps;C:\Program Files\Heroku\bin;C:\Users\erald\AppData\Local\Google\Cloud SDK\google-cloud-sdk\bin;C:\Users\erald\AppData\Roaming\npm
USERNAME=erald
OS=Windows_NT
PROCESSOR_IDENTIFIER=Intel64 Family 6 Model 94 Stepping 3, GenuineIntel



---------------  S Y S T E M  ---------------

OS: Windows 10.0 , 64 bit Build 17134 (10.0.17134.1)

CPU:total 8 (initial active 8) (4 cores per cpu, 2 threads per core) family 6 model 94 stepping 3, cmov, cx8, fxsr, mmx, sse, sse2, sse3, ssse3, sse4.1, sse4.2, popcnt, avx, avx2, aes, clmul, erms, rtm, 3dnowpref, lzcnt, ht, tsc, tscinvbit, bmi1, bmi2, adx

Memory: 4k page, physical 16631844k(2852592k free), swap 16631844k(3560k free)

vm_info: OpenJDK 64-Bit Server VM (25.152-b02) for windows-amd64 JRE (1.8.0_152-release-1024-b02), built by "builder" with MS VC++ 10.0 (VS2010)

time: Mon Aug 20 09:40:38 2018
elapsed time: 224 seconds (0d 0h 3m 44s)

